{"level":"error","message":"Error mongoDB init => ","service":"user-service"}
{"level":"error","message":{"action":"putLotes","client":"listaDeEmpaque","collection":"lotes","data":{"lote":{"$addToSet":{"contenedores":"65f1acb88380783a875c398c"},"$inc":{"calidad1":865.8},"_id":"65f1af8514c9fa7909e5d28d"}},"fn":"PUT","id":"ltrd2u9jgyhg9opua","query":"proceso"},"service":"user-service"}
{"level":"error","message":{"action":"putLotes","client":"listaDeEmpaque","collection":"lotes","data":{"lote":{"$addToSet":{"contenedores":"65f1acb88380783a875c398c"},"$inc":{"calidad15":66.6},"_id":"65f1af8514c9fa7909e5d28d"}},"fn":"PUT","id":"ltrd35038iz263orl","query":"proceso"},"service":"user-service"}
{"level":"error","message":{"action":"putLotes","client":"listaDeEmpaque","collection":"lotes","data":{"lote":{"$addToSet":{"contenedores":"65f1acb88380783a875c398c"},"$inc":{"calidad1":815.8499999999999},"_id":"65f1af8514c9fa7909e5d28d"}},"fn":"PUT","id":"ltrd3xesatkb62t5j","query":"proceso"},"service":"user-service"}
{"level":"error","message":{"action":"putLotes","client":"listaDeEmpaque","collection":"lotes","data":{"lote":{"$addToSet":{"contenedores":"65f1acb88380783a875c398c"},"$inc":{"calidad15":116.54999999999998},"_id":"65f1af8514c9fa7909e5d28d"}},"fn":"PUT","id":"ltrd4o7hnb5h9233p","query":"proceso"},"service":"user-service"}
{"level":"error","message":{"action":"putLotes","client":"listaDeEmpaque","collection":"lotes","data":{"lote":{"$addToSet":{"contenedores":"65f1acb88380783a875c398c"},"$inc":{"calidad1":382.95},"_id":"65f1af8514c9fa7909e5d28d"}},"fn":"PUT","id":"ltrd52v2fl3okzaky","query":"proceso"},"service":"user-service"}
{"level":"error","message":{"action":"putLotes","client":"listaDeEmpaque","collection":"lotes","data":{"lote":{"$addToSet":{"contenedores":"65f1acb88380783a875c398c"},"$inc":{"calidad15":66.6},"_id":"65f1af8514c9fa7909e5d28d"}},"fn":"PUT","id":"ltrd5eiwtvlmno55t","query":"proceso"},"service":"user-service"}
{"level":"error","message":{"action":"putLotes","client":"listaDeEmpaque","collection":"lotes","data":{"lote":{"$addToSet":{"contenedores":"65f1acb88380783a875c398c"},"$inc":{"calidad1":1015.6499999999999},"_id":"65f1af8514c9fa7909e5d28d"}},"fn":"PUT","id":"ltrd5olzi9mutoszp","query":"proceso"},"service":"user-service"}
{"level":"error","message":{"action":"putLotes","client":"listaDeEmpaque","collection":"lotes","data":{"lote":{"$inc":{"calidad1":-1015.6499999999999},"_id":"65f1af8514c9fa7909e5d28d"}},"fn":"PUT","id":"ltrd5ta6xu71ve7k3","query":"proceso"},"service":"user-service"}
{"level":"error","message":{"action":"putLotes","client":"listaDeEmpaque","collection":"lotes","data":{"lote":{"$addToSet":{"contenedores":"65f1acb88380783a875c398c"},"$inc":{"calidad1":799.1999999999999},"_id":"65f1af8514c9fa7909e5d28d"}},"fn":"PUT","id":"ltrd5ym731ej9oagt","query":"proceso"},"service":"user-service"}
{"level":"error","message":{"action":"putLotes","client":"listaDeEmpaque","collection":"lotes","data":{"lote":{"$addToSet":{"contenedores":"65f1acb88380783a875c398c"},"$inc":{"calidad15":183.14999999999998},"_id":"65f1af8514c9fa7909e5d28d"}},"fn":"PUT","id":"ltrd6ox759zent9cd","query":"proceso"},"service":"user-service"}
{"level":"error","message":{"action":"putLotes","client":"listaDeEmpaque","collection":"lotes","data":{"lote":{"$addToSet":{"contenedores":"65f1acb88380783a875c398c"},"$inc":{"calidad15":83.25},"_id":"65f1af8514c9fa7909e5d28d"}},"fn":"PUT","id":"ltrd7vyepzhrurznd","query":"proceso"},"service":"user-service"}
{"level":"error","message":{"action":"putLotes","client":"listaDeEmpaque","collection":"lotes","data":{"lote":{"$inc":{"calidad15":-116.54999999999998},"_id":"65f1af8514c9fa7909e5d28d"}},"fn":"PUT","id":"ltrdyxfxe62ng7r02","query":"proceso"},"service":"user-service"}
{"level":"error","message":{"action":"putLotes","client":"listaDeEmpaque","collection":"lotes","data":{"lote":{"$inc":{"calidad15":-66.6},"_id":"65f1af8514c9fa7909e5d28d"}},"fn":"PUT","id":"ltrdz23m6cqw9pmd3","query":"proceso"},"service":"user-service"}
{"level":"error","message":{"action":"putLotes","client":"listaDeEmpaque","collection":"lotes","data":{"lote":{"$inc":{"calidad1":-815.8499999999999},"_id":"65f1af8514c9fa7909e5d28d"}},"fn":"PUT","id":"ltre05cideu3qeic6","query":"proceso"},"service":"user-service"}
{"level":"error","message":{"action":"putLotes","client":"listaDeEmpaque","collection":"lotes","data":{"lote":{"$inc":{"calidad15":-83.25},"_id":"65f1af8514c9fa7909e5d28d"}},"fn":"PUT","id":"ltre11ov3j7po4a7u","query":"proceso"},"service":"user-service"}
{"level":"error","message":{"action":"putLotes","client":"listaDeEmpaque","collection":"lotes","data":{"lote":{"$inc":{"calidad1":-799.1999999999999},"_id":"65f1af8514c9fa7909e5d28d"}},"fn":"PUT","id":"ltre187fomv12fmhn","query":"proceso"},"service":"user-service"}
{"level":"error","message":{"action":"putLotes","client":"listaDeEmpaque","collection":"lotes","data":{"lote":{"$inc":{"calidad1":-865.8},"_id":"65f1af8514c9fa7909e5d28d"}},"fn":"PUT","id":"ltre1ioz6zd3siz7r","query":"proceso"},"service":"user-service"}
{"level":"error","message":{"action":"putLotes","client":"listaDeEmpaque","collection":"lotes","data":{"lote":{"$inc":{"calidad1":-382.95},"_id":"65f1af8514c9fa7909e5d28d"}},"fn":"PUT","id":"ltre1lrii5sl655xb","query":"proceso"},"service":"user-service"}
{"level":"error","message":"Error al crear el informe EF1-2403300, falta un elemento de calidad","service":"user-service"}
{"level":"error","message":"Error al iniciar MongoDB: Error: Command failed: mongod --port 27017\n","service":"user-service"}
{"level":"error","message":"Error mongoDB init => ","service":"user-service"}
{"level":"error","message":"Error mongoDB init => ","service":"user-service"}
{"level":"error","message":{"action":"putLotes","client":"listaDeEmpaque","collection":"lotes","data":{"lote":{"$inc":{"calidad15":-266.4},"_id":"65f1b0e8d8914aef45412bdc"}},"fn":"PUT","id":"ltrikou72yydkjbj4","query":"proceso"},"service":"user-service"}
{"action":"putLotes","client":"listaDeEmpaque","collection":"lotes","data":{"lote":{"$inc":{"calidad15":-266.4},"_id":"65f1b0e8d8914aef45412bdc"}},"fn":"PUT","id":"ltrikou72yydkjbj4","level":"error","message":{"_message":"Lote validation failed","errors":{"desverdizado":{"kind":"cast","message":"Tried to set nested object field `desverdizado` to primitive value `0`","name":"ValidatorError","path":"desverdizado","properties":{"message":"Tried to set nested object field `desverdizado` to primitive value `0`","path":"desverdizado","reason":{"path":"desverdizado"},"type":"cast"},"reason":{"path":"desverdizado"}},"fechaIngreso":{"kind":"cast","message":"Cast to date failed for value \"{ '$date': '2024-03-11T15:37:57.401Z' }\" (type Object) at path \"fechaIngreso\"","name":"ValidatorError","path":"fechaIngreso","properties":{"message":"Cast to date failed for value \"{ '$date': '2024-03-11T15:37:57.401Z' }\" (type Object) at path \"fechaIngreso\"","path":"fechaIngreso","reason":{"kind":"date","message":"Cast to date failed for value \"{ '$date': '2024-03-11T15:37:57.401Z' }\" (type Object) at path \"fechaIngreso\"","name":"CastError","path":"fechaIngreso","reason":{"actual":false,"code":"ERR_ASSERTION","expected":true,"generatedMessage":true,"operator":"=="},"stringValue":"\"{ '$date': '2024-03-11T15:37:57.401Z' }\"","value":{"$date":"2024-03-11T15:37:57.401Z"},"valueType":"Object"},"type":"cast","value":{"$date":"2024-03-11T15:37:57.401Z"}},"reason":{"kind":"date","message":"Cast to date failed for value \"{ '$date': '2024-03-11T15:37:57.401Z' }\" (type Object) at path \"fechaIngreso\"","name":"CastError","path":"fechaIngreso","reason":{"actual":false,"code":"ERR_ASSERTION","expected":true,"generatedMessage":true,"operator":"=="},"stringValue":"\"{ '$date': '2024-03-11T15:37:57.401Z' }\"","value":{"$date":"2024-03-11T15:37:57.401Z"},"valueType":"Object"},"value":{"$date":"2024-03-11T15:37:57.401Z"}}},"message":"Lote validation failed: fechaIngreso: Cast to date failed for value \"{ '$date': '2024-03-11T15:37:57.401Z' }\" (type Object) at path \"fechaIngreso\", desverdizado: Tried to set nested object field `desverdizado` to primitive value `0`","name":"ValidationError"},"query":"proceso","service":"user-service"}
{"level":"error","message":"Error al crear el informe EF1-2403299, falta un elemento de calidad","service":"user-service"}
{"level":"error","message":"Error al iniciar MongoDB: Error: Command failed: mongod --port 27017\n","service":"user-service"}
{"level":"error","message":"Error al crear el informe EF1-2403305, falta un elemento de calidad","service":"user-service"}
{"level":"error","message":"Error al iniciar MongoDB: Error: Command failed: mongod --port 27017\n","service":"user-service"}
{"level":"error","message":"Error al iniciar MongoDB: Error: Command failed: mongod --port 27017\n","service":"user-service"}
{"level":"error","message":"Error al iniciar MongoDB: Error: Command failed: mongod --port 27017\n","service":"user-service"}
{"level":"error","message":"Error al iniciar MongoDB: Error: Command failed: mongod --port 27017\n","service":"user-service"}
{"level":"error","message":"Error al iniciar MongoDB: Error: Command failed: mongod --port 27017\n","service":"user-service"}
{"level":"error","message":"Error al iniciar MongoDB: Error: Command failed: mongod --port 27017\n","service":"user-service"}
{"level":"error","message":"Error al iniciar MongoDB: Error: Command failed: mongod --port 27017\n","service":"user-service"}
{"level":"error","message":"Error al iniciar MongoDB: Error: Command failed: mongod --port 27017\n","service":"user-service"}
{"level":"error","message":"Error al crear el informe EF1-2403303, falta un elemento de calidad","service":"user-service"}
{"level":"error","message":"Error al iniciar MongoDB: Error: Command failed: mongod --port 27017\n","service":"user-service"}
{"level":"error","message":"Error al iniciar MongoDB: Error: Command failed: mongod --port 27017\n","service":"user-service"}
{"level":"error","message":"Error mongoDB init => ","service":"user-service"}
{"level":"error","message":"Error al iniciar MongoDB: Error: Command failed: mongod --port 27017\n","service":"user-service"}
{"level":"error","message":"Error mongoDB init => ","service":"user-service"}
{"level":"error","message":{"action":"putLotes","client":"listaDeEmpaque","collection":"lotes","data":{"lote":{"$inc":{"calidad15":-183.14999999999998},"_id":"65f1af8514c9fa7909e5d28d"}},"fn":"PUT","id":"ltsntk8knsxbr50w9","query":"proceso"},"service":"user-service"}
{"action":"putLotes","client":"listaDeEmpaque","collection":"lotes","data":{"lote":{"$inc":{"calidad15":-183.14999999999998},"_id":"65f1af8514c9fa7909e5d28d"}},"fn":"PUT","id":"ltsntk8knsxbr50w9","level":"error","message":{"_message":"Lote validation failed","errors":{"desverdizado":{"kind":"cast","message":"Tried to set nested object field `desverdizado` to primitive value `0`","name":"ValidatorError","path":"desverdizado","properties":{"message":"Tried to set nested object field `desverdizado` to primitive value `0`","path":"desverdizado","reason":{"path":"desverdizado"},"type":"cast"},"reason":{"path":"desverdizado"}}},"message":"Lote validation failed: desverdizado: Tried to set nested object field `desverdizado` to primitive value `0`","name":"ValidationError"},"query":"proceso","service":"user-service"}
{"level":"error","message":{"action":"putLotes","client":"listaDeEmpaque","collection":"lotes","data":{"lote":{"$inc":{"calidad15":-66.6},"_id":"65f1af8514c9fa7909e5d28d"}},"fn":"PUT","id":"ltsntsskmyegfb8x6","query":"proceso"},"service":"user-service"}
{"action":"putLotes","client":"listaDeEmpaque","collection":"lotes","data":{"lote":{"$inc":{"calidad15":-66.6},"_id":"65f1af8514c9fa7909e5d28d"}},"fn":"PUT","id":"ltsntsskmyegfb8x6","level":"error","message":{"_message":"Lote validation failed","errors":{"desverdizado":{"kind":"cast","message":"Tried to set nested object field `desverdizado` to primitive value `0`","name":"ValidatorError","path":"desverdizado","properties":{"message":"Tried to set nested object field `desverdizado` to primitive value `0`","path":"desverdizado","reason":{"path":"desverdizado"},"type":"cast"},"reason":{"path":"desverdizado"}}},"message":"Lote validation failed: desverdizado: Tried to set nested object field `desverdizado` to primitive value `0`","name":"ValidationError"},"query":"proceso","service":"user-service"}
{"level":"error","message":"Error al iniciar MongoDB: Error: Command failed: mongod --port 27017\n","service":"user-service"}
{"level":"error","message":"Error al iniciar MongoDB: Error: Command failed: mongod --port 27017\n","service":"user-service"}
{"level":"error","message":"Error al iniciar MongoDB: Error: Command failed: mongod --port 27017\n","service":"user-service"}
{"level":"error","message":"Error al crear el informe EF1-2403305, falta un elemento de calidad","service":"user-service"}
{"level":"error","message":"Error al iniciar MongoDB: Error: Command failed: mongod --port 27017\n","service":"user-service"}
{"level":"error","message":"Error al iniciar MongoDB: Error: Command failed: mongod --port 27017\n","service":"user-service"}
{"level":"error","message":"Error al crear el informe EF1-2403310, falta un elemento de calidad","service":"user-service"}
{"level":"error","message":"Error al iniciar MongoDB: Error: Command failed: mongod --port 27017\n","service":"user-service"}
{"level":"error","message":"Error al crear el informe EF1-2403310, falta un elemento de calidad","service":"user-service"}
{"level":"error","message":"Error al crear el informe EF1-2403310, falta un elemento de calidad","service":"user-service"}
{"level":"error","message":"Error al iniciar MongoDB: Error: Command failed: mongod --port 27017\n","service":"user-service"}
{"level":"error","message":"Error al crear el informe EF1-2403310, falta un elemento de calidad","service":"user-service"}
{"level":"error","message":"Error al crear el informe EF1-2403310, falta un elemento de calidad","service":"user-service"}
{"level":"error","message":"Error al iniciar MongoDB: Error: Command failed: mongod --port 27017\n","service":"user-service"}
{"level":"error","message":"Error al iniciar MongoDB: Error: Command failed: mongod --port 27017\n","service":"user-service"}
{"level":"error","message":"Error al iniciar MongoDB: Error: Command failed: mongod --port 27017\n","service":"user-service"}
{"level":"error","message":"Error al iniciar MongoDB: Error: Command failed: mongod --port 27017\n","service":"user-service"}
{"level":"error","message":"Error al crear el informe EF1-2403298, falta un elemento de calidad","service":"user-service"}
{"level":"error","message":{"action":"putLotes","client":"listaDeEmpaque","collection":"lotes","data":{"lote":{"$addToSet":{"contenedores":"65f44cc9e5564c14e40905a0"},"_id":"65f1af8514c9fa7909e5d28d"}},"fn":"PUT","id":"ltsunhnzcstm5j91q","query":"proceso"},"service":"user-service"}
{"action":"putLotes","client":"listaDeEmpaque","collection":"lotes","data":{"lote":{"$addToSet":{"contenedores":"65f44cc9e5564c14e40905a0"},"_id":"65f1af8514c9fa7909e5d28d"}},"fn":"PUT","id":"ltsunhnzcstm5j91q","level":"error","message":{"_message":"Lote validation failed","errors":{"desverdizado":{"kind":"cast","message":"Tried to set nested object field `desverdizado` to primitive value `0`","name":"ValidatorError","path":"desverdizado","properties":{"message":"Tried to set nested object field `desverdizado` to primitive value `0`","path":"desverdizado","reason":{"path":"desverdizado"},"type":"cast"},"reason":{"path":"desverdizado"}}},"message":"Lote validation failed: desverdizado: Tried to set nested object field `desverdizado` to primitive value `0`","name":"ValidationError"},"query":"proceso","service":"user-service"}
{"level":"error","message":"Error al iniciar MongoDB: Error: Command failed: mongod --port 27017\n","service":"user-service"}
{"level":"error","message":"Error al iniciar MongoDB: Error: Command failed: mongod --port 27017\n","service":"user-service"}
{"level":"error","message":"Error al iniciar MongoDB: Error: Command failed: mongod --port 27017\n","service":"user-service"}
{"level":"error","message":"Error al iniciar MongoDB: Error: Command failed: mongod --port 27017\n","service":"user-service"}
{"level":"error","message":"Error al iniciar MongoDB: Error: Command failed: mongod --port 27017\n","service":"user-service"}
{"level":"error","message":"Error al iniciar MongoDB: Error: Command failed: mongod --port 27017\n","service":"user-service"}
{"level":"error","message":"Error al crear el informe EF1-2403298, falta un elemento de calidad","service":"user-service"}
{"level":"error","message":"Error al iniciar MongoDB: Error: Command failed: mongod --port 27017\n","service":"user-service"}
{"level":"error","message":"Error al iniciar MongoDB: Error: Command failed: mongod --port 27017\n","service":"user-service"}
{"level":"error","message":"Error al crear el informe EF1-2403298, falta un elemento de calidad","service":"user-service"}
{"level":"error","message":"Error al iniciar MongoDB: Error: Command failed: mongod --port 27017\n","service":"user-service"}
{"level":"error","message":"Error al iniciar MongoDB: Error: Command failed: mongod --port 27017\n","service":"user-service"}
{"level":"error","message":"Error al iniciar MongoDB: Error: Command failed: mongod --port 27017\n","service":"user-service"}
{"level":"error","message":"Error al iniciar MongoDB: Error: Command failed: mongod --port 27017\n","service":"user-service"}
{"level":"error","message":"Error al iniciar MongoDB: Error: Command failed: mongod --port 27017\n","service":"user-service"}
{"level":"error","message":"Error al iniciar MongoDB: Error: Command failed: mongod --port 27017\n","service":"user-service"}
{"level":"error","message":"Error al iniciar MongoDB: Error: Command failed: mongod --port 27017\n","service":"user-service"}
{"level":"error","message":"Error al iniciar MongoDB: Error: Command failed: mongod --port 27017\n","service":"user-service"}
{"level":"error","message":"Error al iniciar MongoDB: Error: Command failed: mongod --port 27017\n","service":"user-service"}
{"level":"error","message":"Error al iniciar MongoDB: Error: Command failed: mongod --port 27017\n","service":"user-service"}
{"level":"error","message":"Error al iniciar MongoDB: Error: Command failed: mongod --port 27017\n","service":"user-service"}
{"level":"error","message":"Error al iniciar MongoDB: Error: Command failed: mongod --port 27017\n","service":"user-service"}
{"level":"error","message":"Error al iniciar MongoDB: Error: Command failed: mongod --port 27017\n","service":"user-service"}
{"level":"error","message":"Error al crear el informe EF1-2403314, falta un elemento de calidad","service":"user-service"}
{"level":"error","message":"Error al iniciar MongoDB: Error: Command failed: mongod --port 27017\n","service":"user-service"}
{"level":"error","message":"Error mongoDB init => ","service":"user-service"}
{"level":"error","message":"Error mongoDB init => ","service":"user-service"}
{"level":"error","message":"Error mongoDB init => ","service":"user-service"}
{"level":"error","message":"Error mongoDB init => ","service":"user-service"}
{"level":"error","message":"Error mongoDB init => ","service":"user-service"}
{"level":"error","message":{"action":"putLotes","client":"Desktop","collection":"lotes","data":{"lote":{"_id":"","calidad":{"clasificacionCalidad":{"acaro":5.5,"alsinoe":10,"dannosMecanicos":14,"deshidratada":2.5,"division":0,"escama":0,"frutaMadura":56.5,"frutaVerde":0,"fumagina":0,"grillo":0,"herbicida":0,"lote":"","mancha":0,"melanosis":2.5,"oleocelosis":9,"piel":0,"sombra":0,"trips":0,"wood":0}},"enf":"","predio":{"PREDIO":""},"tipoFruta":"Limon"}},"fn":"PUT","id":"ltxay43uxrbn6nq19","query":"proceso","record":"ingresoClasificacionCalidad","socketId":"GDlOVDoj-YgOS9pQAAA5"},"service":"user-service"}
{"action":"putLotes","client":"Desktop","collection":"lotes","data":{"lote":{"_id":"","calidad":{"clasificacionCalidad":{"acaro":5.5,"alsinoe":10,"dannosMecanicos":14,"deshidratada":2.5,"division":0,"escama":0,"frutaMadura":56.5,"frutaVerde":0,"fumagina":0,"grillo":0,"herbicida":0,"lote":"","mancha":0,"melanosis":2.5,"oleocelosis":9,"piel":0,"sombra":0,"trips":0,"wood":0}},"enf":"","predio":{"PREDIO":""},"tipoFruta":"Limon"}},"fn":"PUT","id":"ltxay43uxrbn6nq19","level":"error","message":{},"query":"proceso","record":"ingresoClasificacionCalidad","service":"user-service","socketId":"GDlOVDoj-YgOS9pQAAA5"}
{"level":"error","message":"Error al crear el informe EF1-2403314, falta un elemento de calidad","service":"user-service"}
{"level":"error","message":"Error al crear el informe EF1-2403314, falta un elemento de calidad","service":"user-service"}
{"level":"error","message":"Error al crear el informe EF1-2403314, falta un elemento de calidad","service":"user-service"}
{"level":"error","message":"Error al crear el informe EF1-2403314, falta un elemento de calidad","service":"user-service"}
{"level":"error","message":"Error al crear el informe EF1-2403314, falta un elemento de calidad","service":"user-service"}
{"level":"error","message":"Error al crear el informe EF1-2403314, falta un elemento de calidad","service":"user-service"}
{"level":"error","message":"Error al crear el informe EF1-2403314, falta un elemento de calidad","service":"user-service"}
{"level":"error","message":"Error al crear el informe EF1-2403314, falta un elemento de calidad","service":"user-service"}
{"level":"error","message":"Error al crear el informe EF1-2403314, falta un elemento de calidad","service":"user-service"}
{"level":"error","message":"Error al iniciar MongoDB: Error: Command failed: mongod --port 27017\n","service":"user-service"}
{"level":"error","message":"Error al crear el informe EF1-2403314, falta un elemento de calidad","service":"user-service"}
{"level":"error","message":"Error al crear el informe EF1-2403314, falta un elemento de calidad","service":"user-service"}
{"level":"error","message":"Error al crear el informe EF1-2403314, falta un elemento de calidad","service":"user-service"}
{"level":"error","message":"Error al crear el informe EF1-2403314, falta un elemento de calidad","service":"user-service"}
{"level":"error","message":"Error al crear el informe EF1-2403314, falta un elemento de calidad","service":"user-service"}
{"level":"error","message":"Error al crear el informe EF1-2403314, falta un elemento de calidad","service":"user-service"}
{"level":"error","message":"Error al crear el informe EF1-2403314, falta un elemento de calidad","service":"user-service"}
{"level":"error","message":"Error al crear el informe EF1-2403314, falta un elemento de calidad","service":"user-service"}
{"level":"error","message":"Error al crear el informe EF1-2403314, falta un elemento de calidad","service":"user-service"}
{"level":"error","message":"Error al crear el informe EF1-2403314, falta un elemento de calidad","service":"user-service"}
{"level":"error","message":"Error al crear el informe EF1-2403314, falta un elemento de calidad","service":"user-service"}
{"level":"error","message":"Error al crear el informe EF1-2403314, falta un elemento de calidad","service":"user-service"}
{"level":"error","message":"Error al crear el informe EF1-2403314, falta un elemento de calidad","service":"user-service"}
{"level":"error","message":"Error al crear el informe EF1-2403314, falta un elemento de calidad","service":"user-service"}
{"level":"error","message":"Error al crear el informe EF1-2403314, falta un elemento de calidad","service":"user-service"}
{"level":"error","message":"Error al crear el informe EF1-2403314, falta un elemento de calidad","service":"user-service"}
{"level":"error","message":"Error al crear el informe EF1-2403314, falta un elemento de calidad","service":"user-service"}
{"level":"error","message":"Error al iniciar MongoDB: Error: Command failed: mongod --port 27017\n","service":"user-service"}
{"level":"error","message":"Error al crear el informe EF1-2403298, falta un elemento de calidad","service":"user-service"}
{"level":"error","message":"Error al iniciar MongoDB: Error: Command failed: mongod --port 27017\n","service":"user-service"}
{"level":"error","message":"Error al crear el informe EF1-2403314, falta un elemento de calidad","service":"user-service"}
{"level":"error","message":"Error al iniciar MongoDB: Error: Command failed: mongod --port 27017\n","service":"user-service"}
{"level":"error","message":"Error al iniciar MongoDB: Error: Command failed: mongod --port 27017\n","service":"user-service"}
{"level":"error","message":"Error al iniciar MongoDB: Error: Command failed: mongod --port 27017\n","service":"user-service"}
{"level":"error","message":"Error al iniciar MongoDB: Error: Command failed: mongod --port 27017\n","service":"user-service"}
{"level":"error","message":"Error al iniciar MongoDB: Error: Command failed: mongod --port 27017\n","service":"user-service"}
{"level":"error","message":"Error al iniciar MongoDB: Error: Command failed: mongod --port 27017\n","service":"user-service"}
{"level":"error","message":"Error al iniciar MongoDB: Error: Command failed: mongod --port 27017\n","service":"user-service"}
{"level":"error","message":"Error al iniciar MongoDB: Error: Command failed: mongod --port 27017\n","service":"user-service"}
{"level":"error","message":"Error al iniciar MongoDB: Error: Command failed: mongod --port 27017\n","service":"user-service"}
{"level":"error","message":"Error al iniciar MongoDB: Error: Command failed: mongod --port 27017\n","service":"user-service"}
{"level":"error","message":"Error al iniciar MongoDB: Error: Command failed: mongod --port 27017\n","service":"user-service"}
{"level":"error","message":"Error al iniciar MongoDB: Error: Command failed: mongod --port 27017\n","service":"user-service"}
{"level":"error","message":"Error al iniciar MongoDB: Error: Command failed: mongod --port 27017\n","service":"user-service"}
{"level":"error","message":"Error al iniciar MongoDB: Error: Command failed: mongod --port 27017\n","service":"user-service"}
{"level":"error","message":"Error al iniciar MongoDB: Error: Command failed: mongod --port 27017\n","service":"user-service"}
{"level":"error","message":"Error al iniciar MongoDB: Error: Command failed: mongod --port 27017\n","service":"user-service"}
{"level":"error","message":"Error al iniciar MongoDB: Error: Command failed: mongod --port 27017\n","service":"user-service"}
{"level":"error","message":"Error al iniciar MongoDB: Error: Command failed: mongod --port 27017\n","service":"user-service"}
{"level":"error","message":"Error al iniciar MongoDB: Error: Command failed: mongod --port 27017\n","service":"user-service"}
{"level":"error","message":"Error al iniciar MongoDB: Error: Command failed: mongod --port 27017\n","service":"user-service"}
{"level":"error","message":"Error al iniciar MongoDB: Error: Command failed: mongod --port 27017\n","service":"user-service"}
{"level":"error","message":"Error al iniciar MongoDB: Error: Command failed: mongod --port 27017\n","service":"user-service"}
{"level":"error","message":"Error al iniciar MongoDB: Error: Command failed: mongod --port 27017\n","service":"user-service"}
{"level":"error","message":"Error al iniciar MongoDB: Error: Command failed: mongod --port 27017\n","service":"user-service"}
{"level":"error","message":"Error al iniciar MongoDB: Error: Command failed: mongod --port 27017\n","service":"user-service"}
{"level":"error","message":"Error al iniciar MongoDB: Error: Command failed: mongod --port 27017\n","service":"user-service"}
{"level":"error","message":"Error al crear el informe EF1-2403327, falta un elemento de calidad","service":"user-service"}
{"level":"error","message":"Error al iniciar MongoDB: Error: Command failed: mongod --port 27017\n","service":"user-service"}
{"level":"error","message":"Error al crear el informe EF1-2403327, falta un elemento de calidad","service":"user-service"}
{"level":"error","message":"Error al iniciar MongoDB: Error: Command failed: mongod --port 27017\n","service":"user-service"}
{"level":"error","message":"Error al iniciar MongoDB: Error: Command failed: mongod --port 27017\n","service":"user-service"}
{"level":"error","message":"Error al iniciar MongoDB: Error: Command failed: mongod --port 27017\n","service":"user-service"}
{"level":"error","message":"Error al iniciar MongoDB: Error: Command failed: mongod --port 27017\n","service":"user-service"}
{"level":"error","message":"Error al iniciar MongoDB: Error: Command failed: mongod --port 27017\n","service":"user-service"}
{"level":"error","message":"Error al iniciar MongoDB: Error: Command failed: mongod --port 27017\n","service":"user-service"}
{"level":"error","message":"Error al iniciar MongoDB: Error: Command failed: mongod --port 27017\n","service":"user-service"}
{"level":"error","message":"Error al iniciar MongoDB: Error: Command failed: mongod --port 27017\n","service":"user-service"}
{"level":"error","message":"Error al iniciar MongoDB: Error: Command failed: mongod --port 27017\n","service":"user-service"}
{"level":"error","message":"Error al iniciar MongoDB: Error: Command failed: mongod --port 27017\n","service":"user-service"}
{"level":"error","message":"Error al iniciar MongoDB: Error: Command failed: mongod --port 27017\n","service":"user-service"}
{"level":"error","message":"Error al iniciar MongoDB: Error: Command failed: mongod --port 27017\n","service":"user-service"}
{"level":"error","message":"Error al iniciar MongoDB: Error: Command failed: mongod --port 27017\n","service":"user-service"}
{"level":"error","message":"Error al iniciar MongoDB: Error: Command failed: mongod --port 27017\n","service":"user-service"}
{"level":"error","message":"Error al iniciar MongoDB: Error: Command failed: mongod --port 27017\n","service":"user-service"}
{"level":"error","message":"Error al iniciar MongoDB: Error: Command failed: mongod --port 27017\n","service":"user-service"}
{"level":"error","message":"Error al iniciar MongoDB: Error: Command failed: mongod --port 27017\n","service":"user-service"}
{"level":"error","message":"Error al iniciar MongoDB: Error: Command failed: mongod --port 27017\n","service":"user-service"}
{"level":"error","message":"Error al iniciar MongoDB: Error: Command failed: mongod --port 27017\n","service":"user-service"}
{"level":"error","message":"Error al iniciar MongoDB: Error: Command failed: mongod --port 27017\n","service":"user-service"}
{"level":"error","message":"Error al iniciar MongoDB: Error: Command failed: mongod --port 27017\n","service":"user-service"}
{"level":"error","message":"Error al iniciar MongoDB: Error: Command failed: mongod --port 27017\n","service":"user-service"}
{"level":"error","message":"Error al iniciar MongoDB: Error: Command failed: mongod --port 27017\n","service":"user-service"}
{"level":"error","message":"Error al iniciar MongoDB: Error: Command failed: mongod --port 27017\n","service":"user-service"}
{"level":"error","message":"Error al iniciar MongoDB: Error: Command failed: mongod --port 27017\n","service":"user-service"}
{"level":"error","message":"Error al iniciar MongoDB: Error: Command failed: mongod --port 27017\n","service":"user-service"}
{"level":"error","message":"Error al iniciar MongoDB: Error: Command failed: mongod --port 27017\n","service":"user-service"}
{"level":"error","message":"Error al iniciar MongoDB: Error: Command failed: mongod --port 27017\n","service":"user-service"}
{"level":"error","message":"Error al iniciar MongoDB: Error: Command failed: mongod --port 27017\n","service":"user-service"}
{"level":"error","message":"Error al iniciar MongoDB: Error: Command failed: mongod --port 27017\n","service":"user-service"}
{"level":"error","message":"Error al iniciar MongoDB: Error: Command failed: mongod --port 27017\n","service":"user-service"}
{"level":"error","message":"Error al iniciar MongoDB: Error: Command failed: mongod --port 27017\n","service":"user-service"}
{"level":"error","message":"Error al iniciar MongoDB: Error: Command failed: mongod --port 27017\n","service":"user-service"}
{"level":"error","message":"Error al iniciar MongoDB: Error: Command failed: mongod --port 27017\n","service":"user-service"}
{"level":"error","message":"Error al iniciar MongoDB: Error: Command failed: mongod --port 27017\n","service":"user-service"}
{"level":"error","message":"Error al iniciar MongoDB: Error: Command failed: mongod --port 27017\n","service":"user-service"}
{"level":"error","message":"Error al iniciar MongoDB: Error: Command failed: mongod --port 27017\n","service":"user-service"}
{"level":"error","message":"Error al iniciar MongoDB: Error: Command failed: mongod --port 27017\n","service":"user-service"}
{"level":"error","message":"The \"path\" argument must be of type string or an instance of Buffer or URL. Received an instance of Object","service":"user-service"}
{"level":"error","message":"Error al iniciar MongoDB: Error: Command failed: mongod --port 27017\n","service":"user-service"}
{"level":"error","message":"Error al iniciar MongoDB: Error: Command failed: mongod --port 27017\n","service":"user-service"}
{"level":"error","message":"Error al iniciar MongoDB: Error: Command failed: mongod --port 27017\n","service":"user-service"}
{"level":"error","message":"Error al iniciar MongoDB: Error: Command failed: mongod --port 27017\n","service":"user-service"}
{"level":"error","message":"Error al iniciar MongoDB: Error: Command failed: mongod --port 27017\n","service":"user-service"}
{"level":"error","message":"Error al iniciar MongoDB: Error: Command failed: mongod --port 27017\n","service":"user-service"}
{"level":"error","message":"Error al iniciar MongoDB: Error: Command failed: mongod --port 27017\n","service":"user-service"}
{"level":"error","message":"Error al iniciar MongoDB: Error: Command failed: mongod --port 27017\n","service":"user-service"}
{"level":"error","message":"Error al iniciar MongoDB: Error: Command failed: mongod --port 27017\n","service":"user-service"}
{"level":"error","message":"Error al iniciar MongoDB: Error: Command failed: mongod --port 27017\n","service":"user-service"}
{"level":"error","message":"Error al iniciar MongoDB: Error: Command failed: mongod --port 27017\n","service":"user-service"}
{"level":"error","message":"Error al iniciar MongoDB: Error: Command failed: mongod --port 27017\n","service":"user-service"}
{"level":"error","message":"Error al iniciar MongoDB: Error: Command failed: mongod --port 27017\n","service":"user-service"}
{"level":"error","message":"Error al iniciar MongoDB: Error: Command failed: mongod --port 27017\n","service":"user-service"}
{"level":"error","message":"Error al iniciar MongoDB: Error: Command failed: mongod --port 27017\n","service":"user-service"}
{"level":"error","message":"Error al iniciar MongoDB: Error: Command failed: mongod --port 27017\n","service":"user-service"}
{"level":"error","message":"Error al iniciar MongoDB: Error: Command failed: mongod --port 27017\n","service":"user-service"}
{"level":"error","message":"Error al iniciar MongoDB: Error: Command failed: mongod --port 27017\n","service":"user-service"}
{"level":"error","message":"Error al iniciar MongoDB: Error: Command failed: mongod --port 27017\n","service":"user-service"}
{"level":"error","message":"Error al iniciar MongoDB: Error: Command failed: mongod --port 27017\n","service":"user-service"}
{"level":"error","message":"Error al iniciar MongoDB: Error: Command failed: mongod --port 27017\n","service":"user-service"}
{"level":"error","message":"Error al iniciar MongoDB: Error: Command failed: mongod --port 27017\n","service":"user-service"}
{"level":"error","message":"Error al iniciar MongoDB: Error: Command failed: mongod --port 27017\n","service":"user-service"}
{"level":"error","message":"Error al iniciar MongoDB: Error: Command failed: mongod --port 27017\n","service":"user-service"}
{"level":"error","message":"Error al crear el informe EF1-2403319, falta un elemento de calidad","service":"user-service"}
{"level":"error","message":"Error al iniciar MongoDB: Error: Command failed: mongod --port 27017\n","service":"user-service"}
{"level":"error","message":"Error al iniciar MongoDB: Error: Command failed: mongod --port 27017\n","service":"user-service"}
{"code":"ENOENT","errno":-4058,"level":"error","message":"getCelifrutSetupBlockMap ENOENT: no such file or directory, open 'C:\\Users\\USER-PC\\Documents\\Servidor\\Servidor2.0\\Files\\celifrutAppDeskTopundefined'","path":"C:\\Users\\USER-PC\\Documents\\Servidor\\Servidor2.0\\Files\\celifrutAppDeskTopundefined","service":"user-service","stack":"Error: ENOENT: no such file or directory, open 'C:\\Users\\USER-PC\\Documents\\Servidor\\Servidor2.0\\Files\\celifrutAppDeskTopundefined'\n    at Object.readFileUtf8 (node:internal/fs/sync:25:18)\n    at Object.readFileSync (node:fs:441:19)\n    at getCelifrutAppFile (C:\\Users\\USER-PC\\Documents\\Servidor\\Servidor2.0\\server\\Process\\AppDesktopCelifrut\\functions\\functions.js:34:27)\n    at Server.<anonymous> (C:\\Users\\USER-PC\\Documents\\Servidor\\Servidor2.0\\server\\Process\\AppDesktopCelifrut\\index.js:27:30)\n    at Server.<anonymous> (C:\\Users\\USER-PC\\Documents\\Servidor\\Servidor2.0\\node_modules\\engine.io\\build\\server.js:656:34)\n    at Server.<anonymous> (C:\\Users\\USER-PC\\Documents\\Servidor\\Servidor2.0\\node_modules\\socket.io\\dist\\index.js:325:28)\n    at Server.emit (node:events:514:28)\n    at parserOnIncoming (node:_http_server:1143:12)\n    at HTTPParser.parserOnHeadersComplete (node:_http_common:119:17)","syscall":"open"}
{"code":"ENOENT","errno":-4058,"level":"error","message":"getCelifrutSetupBlockMap ENOENT: no such file or directory, open 'C:\\Users\\USER-PC\\Documents\\Servidor\\Servidor2.0\\Files\\celifrutAppDeskTopundefined'","path":"C:\\Users\\USER-PC\\Documents\\Servidor\\Servidor2.0\\Files\\celifrutAppDeskTopundefined","service":"user-service","stack":"Error: ENOENT: no such file or directory, open 'C:\\Users\\USER-PC\\Documents\\Servidor\\Servidor2.0\\Files\\celifrutAppDeskTopundefined'\n    at Object.open (node:internal/fs/sync:78:18)\n    at Object.openSync (node:fs:565:17)\n    at Object.readFileSync (node:fs:445:35)\n    at getCelifrutAppFile (C:\\Users\\USER-PC\\Documents\\Servidor\\Servidor2.0\\server\\Process\\AppDesktopCelifrut\\functions\\functions.js:34:27)\n    at Server.<anonymous> (C:\\Users\\USER-PC\\Documents\\Servidor\\Servidor2.0\\server\\Process\\AppDesktopCelifrut\\index.js:27:30)\n    at Server.<anonymous> (C:\\Users\\USER-PC\\Documents\\Servidor\\Servidor2.0\\node_modules\\engine.io\\build\\server.js:656:34)\n    at Server.<anonymous> (C:\\Users\\USER-PC\\Documents\\Servidor\\Servidor2.0\\node_modules\\socket.io\\dist\\index.js:325:28)\n    at Server.emit (node:events:514:28)\n    at parserOnIncoming (node:_http_server:1143:12)\n    at HTTPParser.parserOnHeadersComplete (node:_http_common:119:17)","syscall":"open"}
{"code":"ENOENT","errno":-4058,"level":"error","message":"getCelifrutSetupBlockMap ENOENT: no such file or directory, open 'C:\\Users\\USER-PC\\Documents\\Servidor\\Servidor2.0\\Files\\celifrutAppDeskTopundefined'","path":"C:\\Users\\USER-PC\\Documents\\Servidor\\Servidor2.0\\Files\\celifrutAppDeskTopundefined","service":"user-service","stack":"Error: ENOENT: no such file or directory, open 'C:\\Users\\USER-PC\\Documents\\Servidor\\Servidor2.0\\Files\\celifrutAppDeskTopundefined'\n    at Object.open (node:internal/fs/sync:78:18)\n    at Object.openSync (node:fs:565:17)\n    at Object.readFileSync (node:fs:445:35)\n    at getCelifrutAppFile (C:\\Users\\USER-PC\\Documents\\Servidor\\Servidor2.0\\server\\Process\\AppDesktopCelifrut\\functions\\functions.js:35:27)\n    at Server.<anonymous> (C:\\Users\\USER-PC\\Documents\\Servidor\\Servidor2.0\\server\\Process\\AppDesktopCelifrut\\index.js:27:30)\n    at Server.<anonymous> (C:\\Users\\USER-PC\\Documents\\Servidor\\Servidor2.0\\node_modules\\engine.io\\build\\server.js:656:34)\n    at Server.<anonymous> (C:\\Users\\USER-PC\\Documents\\Servidor\\Servidor2.0\\node_modules\\socket.io\\dist\\index.js:325:28)\n    at Server.emit (node:events:514:28)\n    at parserOnIncoming (node:_http_server:1143:12)\n    at HTTPParser.parserOnHeadersComplete (node:_http_common:119:17)","syscall":"open"}
{"code":"ENOENT","errno":-4058,"level":"error","message":"getCelifrutSetupBlockMap ENOENT: no such file or directory, open 'C:\\Users\\USER-PC\\Documents\\Servidor\\Servidor2.0\\Files\\celifrutAppDeskTop\\celifrutdesktopapp-1.0.0-setup.exe.blockmap'","path":"C:\\Users\\USER-PC\\Documents\\Servidor\\Servidor2.0\\Files\\celifrutAppDeskTop\\celifrutdesktopapp-1.0.0-setup.exe.blockmap","service":"user-service","stack":"Error: ENOENT: no such file or directory, open 'C:\\Users\\USER-PC\\Documents\\Servidor\\Servidor2.0\\Files\\celifrutAppDeskTop\\celifrutdesktopapp-1.0.0-setup.exe.blockmap'\n    at Object.open (node:internal/fs/sync:78:18)\n    at Object.openSync (node:fs:565:17)\n    at Object.readFileSync (node:fs:445:35)\n    at getCelifrutAppFile (C:\\Users\\USER-PC\\Documents\\Servidor\\Servidor2.0\\server\\Process\\AppDesktopCelifrut\\functions\\functions.js:35:27)\n    at Server.<anonymous> (C:\\Users\\USER-PC\\Documents\\Servidor\\Servidor2.0\\server\\Process\\AppDesktopCelifrut\\index.js:27:30)\n    at Server.<anonymous> (C:\\Users\\USER-PC\\Documents\\Servidor\\Servidor2.0\\node_modules\\engine.io\\build\\server.js:656:34)\n    at Server.<anonymous> (C:\\Users\\USER-PC\\Documents\\Servidor\\Servidor2.0\\node_modules\\socket.io\\dist\\index.js:325:28)\n    at Server.emit (node:events:514:28)\n    at parserOnIncoming (node:_http_server:1143:12)\n    at HTTPParser.parserOnHeadersComplete (node:_http_common:119:17)","syscall":"open"}
{"code":"ENOENT","errno":-4058,"level":"error","message":"getCelifrutSetupBlockMap ENOENT: no such file or directory, open 'C:\\Users\\USER-PC\\Documents\\Servidor\\Servidor2.0\\Files\\celifrutAppDeskTop\\celifrutdesktopapp-1.0.0-setup.exe.blockmap'","path":"C:\\Users\\USER-PC\\Documents\\Servidor\\Servidor2.0\\Files\\celifrutAppDeskTop\\celifrutdesktopapp-1.0.0-setup.exe.blockmap","service":"user-service","stack":"Error: ENOENT: no such file or directory, open 'C:\\Users\\USER-PC\\Documents\\Servidor\\Servidor2.0\\Files\\celifrutAppDeskTop\\celifrutdesktopapp-1.0.0-setup.exe.blockmap'\n    at Object.open (node:internal/fs/sync:78:18)\n    at Object.openSync (node:fs:565:17)\n    at Object.readFileSync (node:fs:445:35)\n    at getCelifrutAppFile (C:\\Users\\USER-PC\\Documents\\Servidor\\Servidor2.0\\server\\Process\\AppDesktopCelifrut\\functions\\functions.js:35:27)\n    at Server.<anonymous> (C:\\Users\\USER-PC\\Documents\\Servidor\\Servidor2.0\\server\\Process\\AppDesktopCelifrut\\index.js:27:30)\n    at Server.<anonymous> (C:\\Users\\USER-PC\\Documents\\Servidor\\Servidor2.0\\node_modules\\engine.io\\build\\server.js:656:34)\n    at Server.<anonymous> (C:\\Users\\USER-PC\\Documents\\Servidor\\Servidor2.0\\node_modules\\socket.io\\dist\\index.js:325:28)\n    at Server.emit (node:events:514:28)\n    at parserOnIncoming (node:_http_server:1143:12)\n    at HTTPParser.parserOnHeadersComplete (node:_http_common:119:17)","syscall":"open"}
{"code":"ENOENT","errno":-4058,"level":"error","message":"getCelifrutSetupBlockMap ENOENT: no such file or directory, open 'C:\\Users\\USER-PC\\Documents\\Servidor\\Servidor2.0\\Files\\celifrutAppDeskTop\\celifrutdesktopapp-1.0.0-setup.exe.blockmap'","path":"C:\\Users\\USER-PC\\Documents\\Servidor\\Servidor2.0\\Files\\celifrutAppDeskTop\\celifrutdesktopapp-1.0.0-setup.exe.blockmap","service":"user-service","stack":"Error: ENOENT: no such file or directory, open 'C:\\Users\\USER-PC\\Documents\\Servidor\\Servidor2.0\\Files\\celifrutAppDeskTop\\celifrutdesktopapp-1.0.0-setup.exe.blockmap'\n    at Object.open (node:internal/fs/sync:78:18)\n    at Object.openSync (node:fs:565:17)\n    at Object.readFileSync (node:fs:445:35)\n    at getCelifrutAppFile (C:\\Users\\USER-PC\\Documents\\Servidor\\Servidor2.0\\server\\Process\\AppDesktopCelifrut\\functions\\functions.js:35:27)\n    at Server.<anonymous> (C:\\Users\\USER-PC\\Documents\\Servidor\\Servidor2.0\\server\\Process\\AppDesktopCelifrut\\index.js:27:30)\n    at Server.<anonymous> (C:\\Users\\USER-PC\\Documents\\Servidor\\Servidor2.0\\node_modules\\engine.io\\build\\server.js:656:34)\n    at Server.<anonymous> (C:\\Users\\USER-PC\\Documents\\Servidor\\Servidor2.0\\node_modules\\socket.io\\dist\\index.js:325:28)\n    at Server.emit (node:events:514:28)\n    at parserOnIncoming (node:_http_server:1143:12)\n    at HTTPParser.parserOnHeadersComplete (node:_http_common:119:17)","syscall":"open"}
{"code":"ENOENT","errno":-4058,"level":"error","message":"getCelifrutSetupBlockMap ENOENT: no such file or directory, open 'C:\\Users\\USER-PC\\Documents\\Servidor\\Servidor2.0\\Files\\celifrutAppDeskTop\\celifrutdesktopapp-1.0.0-setup.exe.blockmap'","path":"C:\\Users\\USER-PC\\Documents\\Servidor\\Servidor2.0\\Files\\celifrutAppDeskTop\\celifrutdesktopapp-1.0.0-setup.exe.blockmap","service":"user-service","stack":"Error: ENOENT: no such file or directory, open 'C:\\Users\\USER-PC\\Documents\\Servidor\\Servidor2.0\\Files\\celifrutAppDeskTop\\celifrutdesktopapp-1.0.0-setup.exe.blockmap'\n    at Object.open (node:internal/fs/sync:78:18)\n    at Object.openSync (node:fs:565:17)\n    at Object.readFileSync (node:fs:445:35)\n    at getCelifrutAppFile (C:\\Users\\USER-PC\\Documents\\Servidor\\Servidor2.0\\server\\Process\\AppDesktopCelifrut\\functions\\functions.js:35:27)\n    at Server.<anonymous> (C:\\Users\\USER-PC\\Documents\\Servidor\\Servidor2.0\\server\\Process\\AppDesktopCelifrut\\index.js:27:30)\n    at Server.<anonymous> (C:\\Users\\USER-PC\\Documents\\Servidor\\Servidor2.0\\node_modules\\engine.io\\build\\server.js:656:34)\n    at Server.<anonymous> (C:\\Users\\USER-PC\\Documents\\Servidor\\Servidor2.0\\node_modules\\socket.io\\dist\\index.js:325:28)\n    at Server.emit (node:events:514:28)\n    at parserOnIncoming (node:_http_server:1143:12)\n    at HTTPParser.parserOnHeadersComplete (node:_http_common:119:17)","syscall":"open"}
{"level":"error","message":"Error al iniciar MongoDB: Error: Command failed: mongod --port 27017\n","service":"user-service"}
{"level":"error","message":"Error al iniciar MongoDB: Error: Command failed: mongod --port 27017\n","service":"user-service"}
{"code":"ENOENT","errno":-4058,"level":"error","message":"getCelifrutSetupBlockMap ENOENT: no such file or directory, open 'C:\\Users\\USER-PC\\Documents\\Servidor\\Servidor2.0\\Files\\celifrutAppDeskTop\\celifrutdesktopapp-1.0.0-setup.exe.blockmap'","path":"C:\\Users\\USER-PC\\Documents\\Servidor\\Servidor2.0\\Files\\celifrutAppDeskTop\\celifrutdesktopapp-1.0.0-setup.exe.blockmap","service":"user-service","stack":"Error: ENOENT: no such file or directory, open 'C:\\Users\\USER-PC\\Documents\\Servidor\\Servidor2.0\\Files\\celifrutAppDeskTop\\celifrutdesktopapp-1.0.0-setup.exe.blockmap'\n    at Object.open (node:internal/fs/sync:78:18)\n    at Object.openSync (node:fs:565:17)\n    at Object.readFileSync (node:fs:445:35)\n    at getCelifrutAppFile (C:\\Users\\USER-PC\\Documents\\Servidor\\Servidor2.0\\server\\Process\\AppDesktopCelifrut\\functions\\functions.js:35:27)\n    at Server.<anonymous> (C:\\Users\\USER-PC\\Documents\\Servidor\\Servidor2.0\\server\\Process\\AppDesktopCelifrut\\index.js:27:30)\n    at Server.<anonymous> (C:\\Users\\USER-PC\\Documents\\Servidor\\Servidor2.0\\node_modules\\engine.io\\build\\server.js:656:34)\n    at Server.<anonymous> (C:\\Users\\USER-PC\\Documents\\Servidor\\Servidor2.0\\node_modules\\socket.io\\dist\\index.js:325:28)\n    at Server.emit (node:events:514:28)\n    at parserOnIncoming (node:_http_server:1143:12)\n    at HTTPParser.parserOnHeadersComplete (node:_http_common:119:17)","syscall":"open"}
{"code":"ENOENT","errno":-4058,"level":"error","message":"getCelifrutSetupBlockMap ENOENT: no such file or directory, open 'C:\\Users\\USER-PC\\Documents\\Servidor\\Servidor2.0\\Files\\celifrutAppDeskTop\\celifrutdesktopapp-1.0.0-setup.exe.blockmap'","path":"C:\\Users\\USER-PC\\Documents\\Servidor\\Servidor2.0\\Files\\celifrutAppDeskTop\\celifrutdesktopapp-1.0.0-setup.exe.blockmap","service":"user-service","stack":"Error: ENOENT: no such file or directory, open 'C:\\Users\\USER-PC\\Documents\\Servidor\\Servidor2.0\\Files\\celifrutAppDeskTop\\celifrutdesktopapp-1.0.0-setup.exe.blockmap'\n    at Object.open (node:internal/fs/sync:78:18)\n    at Object.openSync (node:fs:565:17)\n    at Object.readFileSync (node:fs:445:35)\n    at getCelifrutAppFile (C:\\Users\\USER-PC\\Documents\\Servidor\\Servidor2.0\\server\\Process\\AppDesktopCelifrut\\functions\\functions.js:35:27)\n    at Server.<anonymous> (C:\\Users\\USER-PC\\Documents\\Servidor\\Servidor2.0\\server\\Process\\AppDesktopCelifrut\\index.js:27:30)\n    at Server.<anonymous> (C:\\Users\\USER-PC\\Documents\\Servidor\\Servidor2.0\\node_modules\\engine.io\\build\\server.js:656:34)\n    at Server.<anonymous> (C:\\Users\\USER-PC\\Documents\\Servidor\\Servidor2.0\\node_modules\\socket.io\\dist\\index.js:325:28)\n    at Server.emit (node:events:514:28)\n    at parserOnIncoming (node:_http_server:1143:12)\n    at HTTPParser.parserOnHeadersComplete (node:_http_common:119:17)","syscall":"open"}
{"code":"ENOENT","errno":-4058,"level":"error","message":"getCelifrutSetupBlockMap ENOENT: no such file or directory, open 'C:\\Users\\USER-PC\\Documents\\Servidor\\Servidor2.0\\Files\\celifrutAppDeskTop\\celifrutdesktopapp-1.0.0-setup.exe.blockmap'","path":"C:\\Users\\USER-PC\\Documents\\Servidor\\Servidor2.0\\Files\\celifrutAppDeskTop\\celifrutdesktopapp-1.0.0-setup.exe.blockmap","service":"user-service","stack":"Error: ENOENT: no such file or directory, open 'C:\\Users\\USER-PC\\Documents\\Servidor\\Servidor2.0\\Files\\celifrutAppDeskTop\\celifrutdesktopapp-1.0.0-setup.exe.blockmap'\n    at Object.open (node:internal/fs/sync:78:18)\n    at Object.openSync (node:fs:565:17)\n    at Object.readFileSync (node:fs:445:35)\n    at getCelifrutAppFile (C:\\Users\\USER-PC\\Documents\\Servidor\\Servidor2.0\\server\\Process\\AppDesktopCelifrut\\functions\\functions.js:35:27)\n    at Server.<anonymous> (C:\\Users\\USER-PC\\Documents\\Servidor\\Servidor2.0\\server\\Process\\AppDesktopCelifrut\\index.js:27:30)\n    at Server.<anonymous> (C:\\Users\\USER-PC\\Documents\\Servidor\\Servidor2.0\\node_modules\\engine.io\\build\\server.js:656:34)\n    at Server.<anonymous> (C:\\Users\\USER-PC\\Documents\\Servidor\\Servidor2.0\\node_modules\\socket.io\\dist\\index.js:325:28)\n    at Server.emit (node:events:514:28)\n    at parserOnIncoming (node:_http_server:1143:12)\n    at HTTPParser.parserOnHeadersComplete (node:_http_common:119:17)","syscall":"open"}
{"code":"ENOENT","errno":-4058,"level":"error","message":"getCelifrutSetupBlockMap ENOENT: no such file or directory, open 'C:\\Users\\USER-PC\\Documents\\Servidor\\Servidor2.0\\Files\\celifrutAppDeskTop\\celifrutdesktopapp-1.0.0-setup.exe.blockmap'","path":"C:\\Users\\USER-PC\\Documents\\Servidor\\Servidor2.0\\Files\\celifrutAppDeskTop\\celifrutdesktopapp-1.0.0-setup.exe.blockmap","service":"user-service","stack":"Error: ENOENT: no such file or directory, open 'C:\\Users\\USER-PC\\Documents\\Servidor\\Servidor2.0\\Files\\celifrutAppDeskTop\\celifrutdesktopapp-1.0.0-setup.exe.blockmap'\n    at Object.open (node:internal/fs/sync:78:18)\n    at Object.openSync (node:fs:565:17)\n    at Object.readFileSync (node:fs:445:35)\n    at getCelifrutAppFile (C:\\Users\\USER-PC\\Documents\\Servidor\\Servidor2.0\\server\\Process\\AppDesktopCelifrut\\functions\\functions.js:35:27)\n    at Server.<anonymous> (C:\\Users\\USER-PC\\Documents\\Servidor\\Servidor2.0\\server\\Process\\AppDesktopCelifrut\\index.js:27:30)\n    at Server.<anonymous> (C:\\Users\\USER-PC\\Documents\\Servidor\\Servidor2.0\\node_modules\\engine.io\\build\\server.js:656:34)\n    at Server.<anonymous> (C:\\Users\\USER-PC\\Documents\\Servidor\\Servidor2.0\\node_modules\\socket.io\\dist\\index.js:325:28)\n    at Server.emit (node:events:514:28)\n    at parserOnIncoming (node:_http_server:1143:12)\n    at HTTPParser.parserOnHeadersComplete (node:_http_common:119:17)","syscall":"open"}
{"code":"ENOENT","errno":-4058,"level":"error","message":"getCelifrutSetupBlockMap ENOENT: no such file or directory, open 'C:\\Users\\USER-PC\\Documents\\Servidor\\Servidor2.0\\Files\\celifrutAppDeskTop\\celifrutdesktopapp-1.0.0-setup.exe.blockmap'","path":"C:\\Users\\USER-PC\\Documents\\Servidor\\Servidor2.0\\Files\\celifrutAppDeskTop\\celifrutdesktopapp-1.0.0-setup.exe.blockmap","service":"user-service","stack":"Error: ENOENT: no such file or directory, open 'C:\\Users\\USER-PC\\Documents\\Servidor\\Servidor2.0\\Files\\celifrutAppDeskTop\\celifrutdesktopapp-1.0.0-setup.exe.blockmap'\n    at Object.open (node:internal/fs/sync:78:18)\n    at Object.openSync (node:fs:565:17)\n    at Object.readFileSync (node:fs:445:35)\n    at getCelifrutAppFile (C:\\Users\\USER-PC\\Documents\\Servidor\\Servidor2.0\\server\\Process\\AppDesktopCelifrut\\functions\\functions.js:35:27)\n    at Server.<anonymous> (C:\\Users\\USER-PC\\Documents\\Servidor\\Servidor2.0\\server\\Process\\AppDesktopCelifrut\\index.js:27:30)\n    at Server.<anonymous> (C:\\Users\\USER-PC\\Documents\\Servidor\\Servidor2.0\\node_modules\\engine.io\\build\\server.js:656:34)\n    at Server.<anonymous> (C:\\Users\\USER-PC\\Documents\\Servidor\\Servidor2.0\\node_modules\\socket.io\\dist\\index.js:325:28)\n    at Server.emit (node:events:514:28)\n    at parserOnIncoming (node:_http_server:1143:12)\n    at HTTPParser.parserOnHeadersComplete (node:_http_common:119:17)","syscall":"open"}
{"code":"ENOENT","errno":-4058,"level":"error","message":"getCelifrutSetupBlockMap ENOENT: no such file or directory, open 'C:\\Users\\USER-PC\\Documents\\Servidor\\Servidor2.0\\Files\\celifrutAppDeskTop\\celifrutdesktopapp-1.0.0-setup.exe.blockmap'","path":"C:\\Users\\USER-PC\\Documents\\Servidor\\Servidor2.0\\Files\\celifrutAppDeskTop\\celifrutdesktopapp-1.0.0-setup.exe.blockmap","service":"user-service","stack":"Error: ENOENT: no such file or directory, open 'C:\\Users\\USER-PC\\Documents\\Servidor\\Servidor2.0\\Files\\celifrutAppDeskTop\\celifrutdesktopapp-1.0.0-setup.exe.blockmap'\n    at Object.open (node:internal/fs/sync:78:18)\n    at Object.openSync (node:fs:565:17)\n    at Object.readFileSync (node:fs:445:35)\n    at getCelifrutAppFile (C:\\Users\\USER-PC\\Documents\\Servidor\\Servidor2.0\\server\\Process\\AppDesktopCelifrut\\functions\\functions.js:35:27)\n    at Server.<anonymous> (C:\\Users\\USER-PC\\Documents\\Servidor\\Servidor2.0\\server\\Process\\AppDesktopCelifrut\\index.js:27:30)\n    at Server.<anonymous> (C:\\Users\\USER-PC\\Documents\\Servidor\\Servidor2.0\\node_modules\\engine.io\\build\\server.js:656:34)\n    at Server.<anonymous> (C:\\Users\\USER-PC\\Documents\\Servidor\\Servidor2.0\\node_modules\\socket.io\\dist\\index.js:325:28)\n    at Server.emit (node:events:514:28)\n    at parserOnIncoming (node:_http_server:1143:12)\n    at HTTPParser.parserOnHeadersComplete (node:_http_common:119:17)","syscall":"open"}
{"code":"ENOENT","errno":-4058,"level":"error","message":"getCelifrutSetupBlockMap ENOENT: no such file or directory, open 'C:\\Users\\USER-PC\\Documents\\Servidor\\Servidor2.0\\Files\\celifrutAppDeskTop\\celifrutdesktopapp-1.0.0-setup.exe.blockmap'","path":"C:\\Users\\USER-PC\\Documents\\Servidor\\Servidor2.0\\Files\\celifrutAppDeskTop\\celifrutdesktopapp-1.0.0-setup.exe.blockmap","service":"user-service","stack":"Error: ENOENT: no such file or directory, open 'C:\\Users\\USER-PC\\Documents\\Servidor\\Servidor2.0\\Files\\celifrutAppDeskTop\\celifrutdesktopapp-1.0.0-setup.exe.blockmap'\n    at Object.open (node:internal/fs/sync:78:18)\n    at Object.openSync (node:fs:565:17)\n    at Object.readFileSync (node:fs:445:35)\n    at getCelifrutAppFile (C:\\Users\\USER-PC\\Documents\\Servidor\\Servidor2.0\\server\\Process\\AppDesktopCelifrut\\functions\\functions.js:35:27)\n    at Server.<anonymous> (C:\\Users\\USER-PC\\Documents\\Servidor\\Servidor2.0\\server\\Process\\AppDesktopCelifrut\\index.js:27:30)\n    at Server.<anonymous> (C:\\Users\\USER-PC\\Documents\\Servidor\\Servidor2.0\\node_modules\\engine.io\\build\\server.js:656:34)\n    at Server.<anonymous> (C:\\Users\\USER-PC\\Documents\\Servidor\\Servidor2.0\\node_modules\\socket.io\\dist\\index.js:325:28)\n    at Server.emit (node:events:514:28)\n    at parserOnIncoming (node:_http_server:1143:12)\n    at HTTPParser.parserOnHeadersComplete (node:_http_common:119:17)","syscall":"open"}
{"code":"ENOENT","errno":-4058,"level":"error","message":"getCelifrutSetupBlockMap ENOENT: no such file or directory, open 'C:\\Users\\USER-PC\\Documents\\Servidor\\Servidor2.0\\Files\\celifrutAppDeskTop\\celifrutdesktopapp-1.0.0-setup.exe.blockmap'","path":"C:\\Users\\USER-PC\\Documents\\Servidor\\Servidor2.0\\Files\\celifrutAppDeskTop\\celifrutdesktopapp-1.0.0-setup.exe.blockmap","service":"user-service","stack":"Error: ENOENT: no such file or directory, open 'C:\\Users\\USER-PC\\Documents\\Servidor\\Servidor2.0\\Files\\celifrutAppDeskTop\\celifrutdesktopapp-1.0.0-setup.exe.blockmap'\n    at Object.open (node:internal/fs/sync:78:18)\n    at Object.openSync (node:fs:565:17)\n    at Object.readFileSync (node:fs:445:35)\n    at getCelifrutAppFile (C:\\Users\\USER-PC\\Documents\\Servidor\\Servidor2.0\\server\\Process\\AppDesktopCelifrut\\functions\\functions.js:35:27)\n    at Server.<anonymous> (C:\\Users\\USER-PC\\Documents\\Servidor\\Servidor2.0\\server\\Process\\AppDesktopCelifrut\\index.js:27:30)\n    at Server.<anonymous> (C:\\Users\\USER-PC\\Documents\\Servidor\\Servidor2.0\\node_modules\\engine.io\\build\\server.js:656:34)\n    at Server.<anonymous> (C:\\Users\\USER-PC\\Documents\\Servidor\\Servidor2.0\\node_modules\\socket.io\\dist\\index.js:325:28)\n    at Server.emit (node:events:514:28)\n    at parserOnIncoming (node:_http_server:1143:12)\n    at HTTPParser.parserOnHeadersComplete (node:_http_common:119:17)","syscall":"open"}
{"code":"ENOENT","errno":-4058,"level":"error","message":"getCelifrutSetupBlockMap ENOENT: no such file or directory, open 'C:\\Users\\USER-PC\\Documents\\Servidor\\Servidor2.0\\Files\\celifrutAppDeskTop\\celifrutdesktopapp-1.0.0-setup.exe.blockmap'","path":"C:\\Users\\USER-PC\\Documents\\Servidor\\Servidor2.0\\Files\\celifrutAppDeskTop\\celifrutdesktopapp-1.0.0-setup.exe.blockmap","service":"user-service","stack":"Error: ENOENT: no such file or directory, open 'C:\\Users\\USER-PC\\Documents\\Servidor\\Servidor2.0\\Files\\celifrutAppDeskTop\\celifrutdesktopapp-1.0.0-setup.exe.blockmap'\n    at Object.open (node:internal/fs/sync:78:18)\n    at Object.openSync (node:fs:565:17)\n    at Object.readFileSync (node:fs:445:35)\n    at getCelifrutAppFile (C:\\Users\\USER-PC\\Documents\\Servidor\\Servidor2.0\\server\\Process\\AppDesktopCelifrut\\functions\\functions.js:35:27)\n    at Server.<anonymous> (C:\\Users\\USER-PC\\Documents\\Servidor\\Servidor2.0\\server\\Process\\AppDesktopCelifrut\\index.js:27:30)\n    at Server.<anonymous> (C:\\Users\\USER-PC\\Documents\\Servidor\\Servidor2.0\\node_modules\\engine.io\\build\\server.js:656:34)\n    at Server.<anonymous> (C:\\Users\\USER-PC\\Documents\\Servidor\\Servidor2.0\\node_modules\\socket.io\\dist\\index.js:325:28)\n    at Server.emit (node:events:514:28)\n    at parserOnIncoming (node:_http_server:1143:12)\n    at HTTPParser.parserOnHeadersComplete (node:_http_common:119:17)","syscall":"open"}
{"code":"ENOENT","errno":-4058,"level":"error","message":"getCelifrutSetupBlockMap ENOENT: no such file or directory, open 'C:\\Users\\USER-PC\\Documents\\Servidor\\Servidor2.0\\Files\\celifrutAppDeskTop\\celifrutdesktopapp-1.0.0-setup.exe.blockmap'","path":"C:\\Users\\USER-PC\\Documents\\Servidor\\Servidor2.0\\Files\\celifrutAppDeskTop\\celifrutdesktopapp-1.0.0-setup.exe.blockmap","service":"user-service","stack":"Error: ENOENT: no such file or directory, open 'C:\\Users\\USER-PC\\Documents\\Servidor\\Servidor2.0\\Files\\celifrutAppDeskTop\\celifrutdesktopapp-1.0.0-setup.exe.blockmap'\n    at Object.open (node:internal/fs/sync:78:18)\n    at Object.openSync (node:fs:565:17)\n    at Object.readFileSync (node:fs:445:35)\n    at getCelifrutAppFile (C:\\Users\\USER-PC\\Documents\\Servidor\\Servidor2.0\\server\\Process\\AppDesktopCelifrut\\functions\\functions.js:35:27)\n    at Server.<anonymous> (C:\\Users\\USER-PC\\Documents\\Servidor\\Servidor2.0\\server\\Process\\AppDesktopCelifrut\\index.js:27:30)\n    at Server.<anonymous> (C:\\Users\\USER-PC\\Documents\\Servidor\\Servidor2.0\\node_modules\\engine.io\\build\\server.js:656:34)\n    at Server.<anonymous> (C:\\Users\\USER-PC\\Documents\\Servidor\\Servidor2.0\\node_modules\\socket.io\\dist\\index.js:325:28)\n    at Server.emit (node:events:514:28)\n    at parserOnIncoming (node:_http_server:1143:12)\n    at HTTPParser.parserOnHeadersComplete (node:_http_common:119:17)","syscall":"open"}
{"code":"ENOENT","errno":-4058,"level":"error","message":"getCelifrutSetupBlockMap ENOENT: no such file or directory, open 'C:\\Users\\USER-PC\\Documents\\Servidor\\Servidor2.0\\Files\\celifrutAppDeskTop\\celifrutdesktopapp-1.0.0-setup.exe.blockmap'","path":"C:\\Users\\USER-PC\\Documents\\Servidor\\Servidor2.0\\Files\\celifrutAppDeskTop\\celifrutdesktopapp-1.0.0-setup.exe.blockmap","service":"user-service","stack":"Error: ENOENT: no such file or directory, open 'C:\\Users\\USER-PC\\Documents\\Servidor\\Servidor2.0\\Files\\celifrutAppDeskTop\\celifrutdesktopapp-1.0.0-setup.exe.blockmap'\n    at Object.open (node:internal/fs/sync:78:18)\n    at Object.openSync (node:fs:565:17)\n    at Object.readFileSync (node:fs:445:35)\n    at getCelifrutAppFile (C:\\Users\\USER-PC\\Documents\\Servidor\\Servidor2.0\\server\\Process\\AppDesktopCelifrut\\functions\\functions.js:35:27)\n    at Server.<anonymous> (C:\\Users\\USER-PC\\Documents\\Servidor\\Servidor2.0\\server\\Process\\AppDesktopCelifrut\\index.js:27:30)\n    at Server.<anonymous> (C:\\Users\\USER-PC\\Documents\\Servidor\\Servidor2.0\\node_modules\\engine.io\\build\\server.js:656:34)\n    at Server.<anonymous> (C:\\Users\\USER-PC\\Documents\\Servidor\\Servidor2.0\\node_modules\\socket.io\\dist\\index.js:325:28)\n    at Server.emit (node:events:514:28)\n    at parserOnIncoming (node:_http_server:1143:12)\n    at HTTPParser.parserOnHeadersComplete (node:_http_common:119:17)","syscall":"open"}
{"code":"ENOENT","errno":-4058,"level":"error","message":"getCelifrutSetupBlockMap ENOENT: no such file or directory, open 'C:\\Users\\USER-PC\\Documents\\Servidor\\Servidor2.0\\Files\\celifrutAppDeskTop\\celifrutdesktopapp-1.0.0-setup.exe.blockmap'","path":"C:\\Users\\USER-PC\\Documents\\Servidor\\Servidor2.0\\Files\\celifrutAppDeskTop\\celifrutdesktopapp-1.0.0-setup.exe.blockmap","service":"user-service","stack":"Error: ENOENT: no such file or directory, open 'C:\\Users\\USER-PC\\Documents\\Servidor\\Servidor2.0\\Files\\celifrutAppDeskTop\\celifrutdesktopapp-1.0.0-setup.exe.blockmap'\n    at Object.open (node:internal/fs/sync:78:18)\n    at Object.openSync (node:fs:565:17)\n    at Object.readFileSync (node:fs:445:35)\n    at getCelifrutAppFile (C:\\Users\\USER-PC\\Documents\\Servidor\\Servidor2.0\\server\\Process\\AppDesktopCelifrut\\functions\\functions.js:35:27)\n    at Server.<anonymous> (C:\\Users\\USER-PC\\Documents\\Servidor\\Servidor2.0\\server\\Process\\AppDesktopCelifrut\\index.js:27:30)\n    at Server.<anonymous> (C:\\Users\\USER-PC\\Documents\\Servidor\\Servidor2.0\\node_modules\\engine.io\\build\\server.js:656:34)\n    at Server.<anonymous> (C:\\Users\\USER-PC\\Documents\\Servidor\\Servidor2.0\\node_modules\\socket.io\\dist\\index.js:325:28)\n    at Server.emit (node:events:514:28)\n    at parserOnIncoming (node:_http_server:1143:12)\n    at HTTPParser.parserOnHeadersComplete (node:_http_common:119:17)","syscall":"open"}
{"code":"ENOENT","errno":-4058,"level":"error","message":"getCelifrutSetupBlockMap ENOENT: no such file or directory, open 'C:\\Users\\USER-PC\\Documents\\Servidor\\Servidor2.0\\Files\\celifrutAppDeskTop\\celifrutdesktopapp-1.0.0-setup.exe.blockmap'","path":"C:\\Users\\USER-PC\\Documents\\Servidor\\Servidor2.0\\Files\\celifrutAppDeskTop\\celifrutdesktopapp-1.0.0-setup.exe.blockmap","service":"user-service","stack":"Error: ENOENT: no such file or directory, open 'C:\\Users\\USER-PC\\Documents\\Servidor\\Servidor2.0\\Files\\celifrutAppDeskTop\\celifrutdesktopapp-1.0.0-setup.exe.blockmap'\n    at Object.open (node:internal/fs/sync:78:18)\n    at Object.openSync (node:fs:565:17)\n    at Object.readFileSync (node:fs:445:35)\n    at getCelifrutAppFile (C:\\Users\\USER-PC\\Documents\\Servidor\\Servidor2.0\\server\\Process\\AppDesktopCelifrut\\functions\\functions.js:35:27)\n    at Server.<anonymous> (C:\\Users\\USER-PC\\Documents\\Servidor\\Servidor2.0\\server\\Process\\AppDesktopCelifrut\\index.js:27:30)\n    at Server.<anonymous> (C:\\Users\\USER-PC\\Documents\\Servidor\\Servidor2.0\\node_modules\\engine.io\\build\\server.js:656:34)\n    at Server.<anonymous> (C:\\Users\\USER-PC\\Documents\\Servidor\\Servidor2.0\\node_modules\\socket.io\\dist\\index.js:325:28)\n    at Server.emit (node:events:514:28)\n    at parserOnIncoming (node:_http_server:1143:12)\n    at HTTPParser.parserOnHeadersComplete (node:_http_common:119:17)","syscall":"open"}
{"code":"ENOENT","errno":-4058,"level":"error","message":"getCelifrutSetupBlockMap ENOENT: no such file or directory, open 'C:\\Users\\USER-PC\\Documents\\Servidor\\Servidor2.0\\Files\\celifrutAppDeskTop\\celifrutdesktopapp-1.0.0-setup.exe.blockmap'","path":"C:\\Users\\USER-PC\\Documents\\Servidor\\Servidor2.0\\Files\\celifrutAppDeskTop\\celifrutdesktopapp-1.0.0-setup.exe.blockmap","service":"user-service","stack":"Error: ENOENT: no such file or directory, open 'C:\\Users\\USER-PC\\Documents\\Servidor\\Servidor2.0\\Files\\celifrutAppDeskTop\\celifrutdesktopapp-1.0.0-setup.exe.blockmap'\n    at Object.open (node:internal/fs/sync:78:18)\n    at Object.openSync (node:fs:565:17)\n    at Object.readFileSync (node:fs:445:35)\n    at getCelifrutAppFile (C:\\Users\\USER-PC\\Documents\\Servidor\\Servidor2.0\\server\\Process\\AppDesktopCelifrut\\functions\\functions.js:35:27)\n    at Server.<anonymous> (C:\\Users\\USER-PC\\Documents\\Servidor\\Servidor2.0\\server\\Process\\AppDesktopCelifrut\\index.js:27:30)\n    at Server.<anonymous> (C:\\Users\\USER-PC\\Documents\\Servidor\\Servidor2.0\\node_modules\\engine.io\\build\\server.js:656:34)\n    at Server.<anonymous> (C:\\Users\\USER-PC\\Documents\\Servidor\\Servidor2.0\\node_modules\\socket.io\\dist\\index.js:325:28)\n    at Server.emit (node:events:514:28)\n    at parserOnIncoming (node:_http_server:1143:12)\n    at HTTPParser.parserOnHeadersComplete (node:_http_common:119:17)","syscall":"open"}
{"code":"ENOENT","errno":-4058,"level":"error","message":"getCelifrutSetupBlockMap ENOENT: no such file or directory, open 'C:\\Users\\USER-PC\\Documents\\Servidor\\Servidor2.0\\Files\\celifrutAppDeskTop\\celifrutdesktopapp-1.0.0-setup.exe.blockmap'","path":"C:\\Users\\USER-PC\\Documents\\Servidor\\Servidor2.0\\Files\\celifrutAppDeskTop\\celifrutdesktopapp-1.0.0-setup.exe.blockmap","service":"user-service","stack":"Error: ENOENT: no such file or directory, open 'C:\\Users\\USER-PC\\Documents\\Servidor\\Servidor2.0\\Files\\celifrutAppDeskTop\\celifrutdesktopapp-1.0.0-setup.exe.blockmap'\n    at Object.open (node:internal/fs/sync:78:18)\n    at Object.openSync (node:fs:565:17)\n    at Object.readFileSync (node:fs:445:35)\n    at getCelifrutAppFile (C:\\Users\\USER-PC\\Documents\\Servidor\\Servidor2.0\\server\\Process\\AppDesktopCelifrut\\functions\\functions.js:35:27)\n    at Server.<anonymous> (C:\\Users\\USER-PC\\Documents\\Servidor\\Servidor2.0\\server\\Process\\AppDesktopCelifrut\\index.js:27:30)\n    at Server.<anonymous> (C:\\Users\\USER-PC\\Documents\\Servidor\\Servidor2.0\\node_modules\\engine.io\\build\\server.js:656:34)\n    at Server.<anonymous> (C:\\Users\\USER-PC\\Documents\\Servidor\\Servidor2.0\\node_modules\\socket.io\\dist\\index.js:325:28)\n    at Server.emit (node:events:514:28)\n    at parserOnIncoming (node:_http_server:1143:12)\n    at HTTPParser.parserOnHeadersComplete (node:_http_common:119:17)","syscall":"open"}
